Analysis & Elaboration report for CPU_G16
Mon Mar 30 02:07:58 2026
Quartus Prime Version 18.1.1 Build 646 04/11/2019 SJ Lite Edition


---------------------
; Table of Contents ;
---------------------
  1. Legal Notice
  2. Analysis & Elaboration Summary
  3. Parallel Compilation
  4. Parameter Settings for User Entity Instance: register0:R0|register:r0
  5. Parameter Settings for User Entity Instance: register:R1
  6. Parameter Settings for User Entity Instance: register:R2
  7. Parameter Settings for User Entity Instance: register:R3
  8. Parameter Settings for User Entity Instance: register:R4
  9. Parameter Settings for User Entity Instance: register:R5
 10. Parameter Settings for User Entity Instance: register:R6
 11. Parameter Settings for User Entity Instance: register:R7
 12. Parameter Settings for User Entity Instance: register:R8
 13. Parameter Settings for User Entity Instance: register:R9
 14. Parameter Settings for User Entity Instance: register:R10
 15. Parameter Settings for User Entity Instance: register:R11
 16. Parameter Settings for User Entity Instance: register:R12
 17. Parameter Settings for User Entity Instance: register:R13
 18. Parameter Settings for User Entity Instance: register:R14
 19. Parameter Settings for User Entity Instance: register:R15
 20. Parameter Settings for User Entity Instance: register:Y
 21. Parameter Settings for User Entity Instance: register64:Z
 22. Parameter Settings for User Entity Instance: register:HI
 23. Parameter Settings for User Entity Instance: register:LO
 24. Parameter Settings for User Entity Instance: register:PC
 25. Parameter Settings for User Entity Instance: mdr:mdr1|register:mdr_1
 26. Parameter Settings for User Entity Instance: mar:mar1
 27. Parameter Settings for User Entity Instance: register:ir
 28. Parameter Settings for User Entity Instance: cmodule:CSign
 29. Parameter Settings for User Entity Instance: register:Outport
 30. Parameter Settings for User Entity Instance: inport:Inport1
 31. Analysis & Elaboration Settings
 32. Port Connectivity Checks: "con_ff:ConLogic"
 33. Port Connectivity Checks: "register:Outport"
 34. Port Connectivity Checks: "ALU:alu|IncPC:incrPc|adder:adderPC"
 35. Port Connectivity Checks: "ALU:alu|subtract:sub|twoCom:u_twocom|adder:adder_inst"
 36. Analysis & Elaboration Messages
 37. Analysis & Elaboration Suppressed Messages



----------------
; Legal Notice ;
----------------
Copyright (C) 2019  Intel Corporation. All rights reserved.
Your use of Intel Corporation's design tools, logic functions 
and other software and tools, and any partner logic 
functions, and any output files from any of the foregoing 
(including device programming or simulation files), and any 
associated documentation or information are expressly subject 
to the terms and conditions of the Intel Program License 
Subscription Agreement, the Intel Quartus Prime License Agreement,
the Intel FPGA IP License Agreement, or other applicable license
agreement, including, without limitation, that your use is for
the sole purpose of programming logic devices manufactured by
Intel and sold by Intel or its authorized distributors.  Please
refer to the applicable agreement for further details, at
https://fpgasoftware.intel.com/eula.



+-----------------------------------------------------------------------------+
; Analysis & Elaboration Summary                                              ;
+-------------------------------+---------------------------------------------+
; Analysis & Elaboration Status ; Successful - Mon Mar 30 02:07:57 2026       ;
; Quartus Prime Version         ; 18.1.1 Build 646 04/11/2019 SJ Lite Edition ;
; Revision Name                 ; CPU_G16                                     ;
; Top-level Entity Name         ; CPU_G16                                     ;
; Family                        ; Cyclone V                                   ;
; Logic utilization (in ALMs)   ; N/A until Partition Merge                   ;
; Total registers               ; N/A until Partition Merge                   ;
; Total pins                    ; N/A until Partition Merge                   ;
; Total virtual pins            ; N/A until Partition Merge                   ;
; Total block memory bits       ; N/A until Partition Merge                   ;
; Total PLLs                    ; N/A until Partition Merge                   ;
; Total DLLs                    ; N/A until Partition Merge                   ;
+-------------------------------+---------------------------------------------+


+------------------------------------------+
; Parallel Compilation                     ;
+----------------------------+-------------+
; Processors                 ; Number      ;
+----------------------------+-------------+
; Number detected on machine ; 8           ;
; Maximum allowed            ; 4           ;
;                            ;             ;
; Average used               ; 1.00        ;
; Maximum used               ; 1           ;
;                            ;             ;
; Usage by Processor         ; % Time Used ;
;     Processor 1            ; 100.0%      ;
+----------------------------+-------------+


+-----------------------------------------------------------------------+
; Parameter Settings for User Entity Instance: register0:R0|register:r0 ;
+----------------+----------------------------------+-------------------+
; Parameter Name ; Value                            ; Type              ;
+----------------+----------------------------------+-------------------+
; DATA_WIDTH_IN  ; 32                               ; Signed Integer    ;
; DATA_WIDTH_OUT ; 32                               ; Signed Integer    ;
; INIT           ; 00000000000000000000000000000000 ; Unsigned Binary   ;
+----------------+----------------------------------+-------------------+
Note: In order to hide this table in the UI and the text report file, please set the "Show Parameter Settings in Synthesis Report" option in "Analysis and Synthesis Settings -> More Settings" to "Off".


+---------------------------------------------------------------------+
; Parameter Settings for User Entity Instance: register:R1            ;
+----------------+----------------------------------+-----------------+
; Parameter Name ; Value                            ; Type            ;
+----------------+----------------------------------+-----------------+
; DATA_WIDTH_IN  ; 32                               ; Signed Integer  ;
; DATA_WIDTH_OUT ; 32                               ; Signed Integer  ;
; INIT           ; 00000000000000000000000000000000 ; Unsigned Binary ;
+----------------+----------------------------------+-----------------+
Note: In order to hide this table in the UI and the text report file, please set the "Show Parameter Settings in Synthesis Report" option in "Analysis and Synthesis Settings -> More Settings" to "Off".


+---------------------------------------------------------------------+
; Parameter Settings for User Entity Instance: register:R2            ;
+----------------+----------------------------------+-----------------+
; Parameter Name ; Value                            ; Type            ;
+----------------+----------------------------------+-----------------+
; DATA_WIDTH_IN  ; 32                               ; Signed Integer  ;
; DATA_WIDTH_OUT ; 32                               ; Signed Integer  ;
; INIT           ; 00000000000000000000000000000000 ; Unsigned Binary ;
+----------------+----------------------------------+-----------------+
Note: In order to hide this table in the UI and the text report file, please set the "Show Parameter Settings in Synthesis Report" option in "Analysis and Synthesis Settings -> More Settings" to "Off".


+---------------------------------------------------------------------+
; Parameter Settings for User Entity Instance: register:R3            ;
+----------------+----------------------------------+-----------------+
; Parameter Name ; Value                            ; Type            ;
+----------------+----------------------------------+-----------------+
; DATA_WIDTH_IN  ; 32                               ; Signed Integer  ;
; DATA_WIDTH_OUT ; 32                               ; Signed Integer  ;
; INIT           ; 00000000000000000000000000000000 ; Unsigned Binary ;
+----------------+----------------------------------+-----------------+
Note: In order to hide this table in the UI and the text report file, please set the "Show Parameter Settings in Synthesis Report" option in "Analysis and Synthesis Settings -> More Settings" to "Off".


+---------------------------------------------------------------------+
; Parameter Settings for User Entity Instance: register:R4            ;
+----------------+----------------------------------+-----------------+
; Parameter Name ; Value                            ; Type            ;
+----------------+----------------------------------+-----------------+
; DATA_WIDTH_IN  ; 32                               ; Signed Integer  ;
; DATA_WIDTH_OUT ; 32                               ; Signed Integer  ;
; INIT           ; 00000000000000000000000000000000 ; Unsigned Binary ;
+----------------+----------------------------------+-----------------+
Note: In order to hide this table in the UI and the text report file, please set the "Show Parameter Settings in Synthesis Report" option in "Analysis and Synthesis Settings -> More Settings" to "Off".


+---------------------------------------------------------------------+
; Parameter Settings for User Entity Instance: register:R5            ;
+----------------+----------------------------------+-----------------+
; Parameter Name ; Value                            ; Type            ;
+----------------+----------------------------------+-----------------+
; DATA_WIDTH_IN  ; 32                               ; Signed Integer  ;
; DATA_WIDTH_OUT ; 32                               ; Signed Integer  ;
; INIT           ; 00000000000000000000000000000000 ; Unsigned Binary ;
+----------------+----------------------------------+-----------------+
Note: In order to hide this table in the UI and the text report file, please set the "Show Parameter Settings in Synthesis Report" option in "Analysis and Synthesis Settings -> More Settings" to "Off".


+---------------------------------------------------------------------+
; Parameter Settings for User Entity Instance: register:R6            ;
+----------------+----------------------------------+-----------------+
; Parameter Name ; Value                            ; Type            ;
+----------------+----------------------------------+-----------------+
; DATA_WIDTH_IN  ; 32                               ; Signed Integer  ;
; DATA_WIDTH_OUT ; 32                               ; Signed Integer  ;
; INIT           ; 00000000000000000000000000000000 ; Unsigned Binary ;
+----------------+----------------------------------+-----------------+
Note: In order to hide this table in the UI and the text report file, please set the "Show Parameter Settings in Synthesis Report" option in "Analysis and Synthesis Settings -> More Settings" to "Off".


+---------------------------------------------------------------------+
; Parameter Settings for User Entity Instance: register:R7            ;
+----------------+----------------------------------+-----------------+
; Parameter Name ; Value                            ; Type            ;
+----------------+----------------------------------+-----------------+
; DATA_WIDTH_IN  ; 32                               ; Signed Integer  ;
; DATA_WIDTH_OUT ; 32                               ; Signed Integer  ;
; INIT           ; 00000000000000000000000000000000 ; Unsigned Binary ;
+----------------+----------------------------------+-----------------+
Note: In order to hide this table in the UI and the text report file, please set the "Show Parameter Settings in Synthesis Report" option in "Analysis and Synthesis Settings -> More Settings" to "Off".


+---------------------------------------------------------------------+
; Parameter Settings for User Entity Instance: register:R8            ;
+----------------+----------------------------------+-----------------+
; Parameter Name ; Value                            ; Type            ;
+----------------+----------------------------------+-----------------+
; DATA_WIDTH_IN  ; 32                               ; Signed Integer  ;
; DATA_WIDTH_OUT ; 32                               ; Signed Integer  ;
; INIT           ; 00000000000000000000000000000000 ; Unsigned Binary ;
+----------------+----------------------------------+-----------------+
Note: In order to hide this table in the UI and the text report file, please set the "Show Parameter Settings in Synthesis Report" option in "Analysis and Synthesis Settings -> More Settings" to "Off".


+---------------------------------------------------------------------+
; Parameter Settings for User Entity Instance: register:R9            ;
+----------------+----------------------------------+-----------------+
; Parameter Name ; Value                            ; Type            ;
+----------------+----------------------------------+-----------------+
; DATA_WIDTH_IN  ; 32                               ; Signed Integer  ;
; DATA_WIDTH_OUT ; 32                               ; Signed Integer  ;
; INIT           ; 00000000000000000000000000000000 ; Unsigned Binary ;
+----------------+----------------------------------+-----------------+
Note: In order to hide this table in the UI and the text report file, please set the "Show Parameter Settings in Synthesis Report" option in "Analysis and Synthesis Settings -> More Settings" to "Off".


+---------------------------------------------------------------------+
; Parameter Settings for User Entity Instance: register:R10           ;
+----------------+----------------------------------+-----------------+
; Parameter Name ; Value                            ; Type            ;
+----------------+----------------------------------+-----------------+
; DATA_WIDTH_IN  ; 32                               ; Signed Integer  ;
; DATA_WIDTH_OUT ; 32                               ; Signed Integer  ;
; INIT           ; 00000000000000000000000000000000 ; Unsigned Binary ;
+----------------+----------------------------------+-----------------+
Note: In order to hide this table in the UI and the text report file, please set the "Show Parameter Settings in Synthesis Report" option in "Analysis and Synthesis Settings -> More Settings" to "Off".


+---------------------------------------------------------------------+
; Parameter Settings for User Entity Instance: register:R11           ;
+----------------+----------------------------------+-----------------+
; Parameter Name ; Value                            ; Type            ;
+----------------+----------------------------------+-----------------+
; DATA_WIDTH_IN  ; 32                               ; Signed Integer  ;
; DATA_WIDTH_OUT ; 32                               ; Signed Integer  ;
; INIT           ; 00000000000000000000000000000000 ; Unsigned Binary ;
+----------------+----------------------------------+-----------------+
Note: In order to hide this table in the UI and the text report file, please set the "Show Parameter Settings in Synthesis Report" option in "Analysis and Synthesis Settings -> More Settings" to "Off".


+---------------------------------------------------------------------+
; Parameter Settings for User Entity Instance: register:R12           ;
+----------------+----------------------------------+-----------------+
; Parameter Name ; Value                            ; Type            ;
+----------------+----------------------------------+-----------------+
; DATA_WIDTH_IN  ; 32                               ; Signed Integer  ;
; DATA_WIDTH_OUT ; 32                               ; Signed Integer  ;
; INIT           ; 00000000000000000000000000000000 ; Unsigned Binary ;
+----------------+----------------------------------+-----------------+
Note: In order to hide this table in the UI and the text report file, please set the "Show Parameter Settings in Synthesis Report" option in "Analysis and Synthesis Settings -> More Settings" to "Off".


+---------------------------------------------------------------------+
; Parameter Settings for User Entity Instance: register:R13           ;
+----------------+----------------------------------+-----------------+
; Parameter Name ; Value                            ; Type            ;
+----------------+----------------------------------+-----------------+
; DATA_WIDTH_IN  ; 32                               ; Signed Integer  ;
; DATA_WIDTH_OUT ; 32                               ; Signed Integer  ;
; INIT           ; 00000000000000000000000000000000 ; Unsigned Binary ;
+----------------+----------------------------------+-----------------+
Note: In order to hide this table in the UI and the text report file, please set the "Show Parameter Settings in Synthesis Report" option in "Analysis and Synthesis Settings -> More Settings" to "Off".


+---------------------------------------------------------------------+
; Parameter Settings for User Entity Instance: register:R14           ;
+----------------+----------------------------------+-----------------+
; Parameter Name ; Value                            ; Type            ;
+----------------+----------------------------------+-----------------+
; DATA_WIDTH_IN  ; 32                               ; Signed Integer  ;
; DATA_WIDTH_OUT ; 32                               ; Signed Integer  ;
; INIT           ; 00000000000000000000000000000000 ; Unsigned Binary ;
+----------------+----------------------------------+-----------------+
Note: In order to hide this table in the UI and the text report file, please set the "Show Parameter Settings in Synthesis Report" option in "Analysis and Synthesis Settings -> More Settings" to "Off".


+---------------------------------------------------------------------+
; Parameter Settings for User Entity Instance: register:R15           ;
+----------------+----------------------------------+-----------------+
; Parameter Name ; Value                            ; Type            ;
+----------------+----------------------------------+-----------------+
; DATA_WIDTH_IN  ; 32                               ; Signed Integer  ;
; DATA_WIDTH_OUT ; 32                               ; Signed Integer  ;
; INIT           ; 00000000000000000000000000000000 ; Unsigned Binary ;
+----------------+----------------------------------+-----------------+
Note: In order to hide this table in the UI and the text report file, please set the "Show Parameter Settings in Synthesis Report" option in "Analysis and Synthesis Settings -> More Settings" to "Off".


+---------------------------------------------------------------------+
; Parameter Settings for User Entity Instance: register:Y             ;
+----------------+----------------------------------+-----------------+
; Parameter Name ; Value                            ; Type            ;
+----------------+----------------------------------+-----------------+
; DATA_WIDTH_IN  ; 32                               ; Signed Integer  ;
; DATA_WIDTH_OUT ; 32                               ; Signed Integer  ;
; INIT           ; 00000000000000000000000000000000 ; Unsigned Binary ;
+----------------+----------------------------------+-----------------+
Note: In order to hide this table in the UI and the text report file, please set the "Show Parameter Settings in Synthesis Report" option in "Analysis and Synthesis Settings -> More Settings" to "Off".


+-----------------------------------------------------------------------------------------------------+
; Parameter Settings for User Entity Instance: register64:Z                                           ;
+----------------+------------------------------------------------------------------+-----------------+
; Parameter Name ; Value                                                            ; Type            ;
+----------------+------------------------------------------------------------------+-----------------+
; INIT           ; 0000000000000000000000000000000000000000000000000000000000000000 ; Unsigned Binary ;
+----------------+------------------------------------------------------------------+-----------------+
Note: In order to hide this table in the UI and the text report file, please set the "Show Parameter Settings in Synthesis Report" option in "Analysis and Synthesis Settings -> More Settings" to "Off".


+---------------------------------------------------------------------+
; Parameter Settings for User Entity Instance: register:HI            ;
+----------------+----------------------------------+-----------------+
; Parameter Name ; Value                            ; Type            ;
+----------------+----------------------------------+-----------------+
; DATA_WIDTH_IN  ; 32                               ; Signed Integer  ;
; DATA_WIDTH_OUT ; 32                               ; Signed Integer  ;
; INIT           ; 00000000000000000000000000000000 ; Unsigned Binary ;
+----------------+----------------------------------+-----------------+
Note: In order to hide this table in the UI and the text report file, please set the "Show Parameter Settings in Synthesis Report" option in "Analysis and Synthesis Settings -> More Settings" to "Off".


+---------------------------------------------------------------------+
; Parameter Settings for User Entity Instance: register:LO            ;
+----------------+----------------------------------+-----------------+
; Parameter Name ; Value                            ; Type            ;
+----------------+----------------------------------+-----------------+
; DATA_WIDTH_IN  ; 32                               ; Signed Integer  ;
; DATA_WIDTH_OUT ; 32                               ; Signed Integer  ;
; INIT           ; 00000000000000000000000000000000 ; Unsigned Binary ;
+----------------+----------------------------------+-----------------+
Note: In order to hide this table in the UI and the text report file, please set the "Show Parameter Settings in Synthesis Report" option in "Analysis and Synthesis Settings -> More Settings" to "Off".


+---------------------------------------------------------------------+
; Parameter Settings for User Entity Instance: register:PC            ;
+----------------+----------------------------------+-----------------+
; Parameter Name ; Value                            ; Type            ;
+----------------+----------------------------------+-----------------+
; DATA_WIDTH_IN  ; 32                               ; Signed Integer  ;
; DATA_WIDTH_OUT ; 32                               ; Signed Integer  ;
; INIT           ; 00000000000000000000000000000000 ; Unsigned Binary ;
+----------------+----------------------------------+-----------------+
Note: In order to hide this table in the UI and the text report file, please set the "Show Parameter Settings in Synthesis Report" option in "Analysis and Synthesis Settings -> More Settings" to "Off".


+----------------------------------------------------------------------+
; Parameter Settings for User Entity Instance: mdr:mdr1|register:mdr_1 ;
+----------------+----------------------------------+------------------+
; Parameter Name ; Value                            ; Type             ;
+----------------+----------------------------------+------------------+
; DATA_WIDTH_IN  ; 32                               ; Signed Integer   ;
; DATA_WIDTH_OUT ; 32                               ; Signed Integer   ;
; INIT           ; 00000000000000000000000000000000 ; Unsigned Binary  ;
+----------------+----------------------------------+------------------+
Note: In order to hide this table in the UI and the text report file, please set the "Show Parameter Settings in Synthesis Report" option in "Analysis and Synthesis Settings -> More Settings" to "Off".


+---------------------------------------------------------------------+
; Parameter Settings for User Entity Instance: mar:mar1               ;
+----------------+----------------------------------+-----------------+
; Parameter Name ; Value                            ; Type            ;
+----------------+----------------------------------+-----------------+
; DATA_WIDTH_IN  ; 32                               ; Signed Integer  ;
; DATA_WIDTH_OUT ; 9                                ; Signed Integer  ;
; INIT           ; 00000000000000000000000000000000 ; Unsigned Binary ;
+----------------+----------------------------------+-----------------+
Note: In order to hide this table in the UI and the text report file, please set the "Show Parameter Settings in Synthesis Report" option in "Analysis and Synthesis Settings -> More Settings" to "Off".


+---------------------------------------------------------------------+
; Parameter Settings for User Entity Instance: register:ir            ;
+----------------+----------------------------------+-----------------+
; Parameter Name ; Value                            ; Type            ;
+----------------+----------------------------------+-----------------+
; DATA_WIDTH_IN  ; 32                               ; Signed Integer  ;
; DATA_WIDTH_OUT ; 32                               ; Signed Integer  ;
; INIT           ; 00000000000000000000000000000000 ; Unsigned Binary ;
+----------------+----------------------------------+-----------------+
Note: In order to hide this table in the UI and the text report file, please set the "Show Parameter Settings in Synthesis Report" option in "Analysis and Synthesis Settings -> More Settings" to "Off".


+---------------------------------------------------------------------+
; Parameter Settings for User Entity Instance: cmodule:CSign          ;
+----------------+----------------------------------+-----------------+
; Parameter Name ; Value                            ; Type            ;
+----------------+----------------------------------+-----------------+
; DATA_WIDTH_IN  ; 32                               ; Signed Integer  ;
; DATA_WIDTH_OUT ; 32                               ; Signed Integer  ;
; INIT           ; 00000000000000000000000000000000 ; Unsigned Binary ;
+----------------+----------------------------------+-----------------+
Note: In order to hide this table in the UI and the text report file, please set the "Show Parameter Settings in Synthesis Report" option in "Analysis and Synthesis Settings -> More Settings" to "Off".


+---------------------------------------------------------------------+
; Parameter Settings for User Entity Instance: register:Outport       ;
+----------------+----------------------------------+-----------------+
; Parameter Name ; Value                            ; Type            ;
+----------------+----------------------------------+-----------------+
; DATA_WIDTH_IN  ; 32                               ; Signed Integer  ;
; DATA_WIDTH_OUT ; 32                               ; Signed Integer  ;
; INIT           ; 00000000000000000000000000000000 ; Unsigned Binary ;
+----------------+----------------------------------+-----------------+
Note: In order to hide this table in the UI and the text report file, please set the "Show Parameter Settings in Synthesis Report" option in "Analysis and Synthesis Settings -> More Settings" to "Off".


+---------------------------------------------------------------------+
; Parameter Settings for User Entity Instance: inport:Inport1         ;
+----------------+----------------------------------+-----------------+
; Parameter Name ; Value                            ; Type            ;
+----------------+----------------------------------+-----------------+
; DATA_WIDTH_IN  ; 32                               ; Signed Integer  ;
; DATA_WIDTH_OUT ; 32                               ; Signed Integer  ;
; INIT           ; 00000000000000000000000000000000 ; Unsigned Binary ;
+----------------+----------------------------------+-----------------+
Note: In order to hide this table in the UI and the text report file, please set the "Show Parameter Settings in Synthesis Report" option in "Analysis and Synthesis Settings -> More Settings" to "Off".


+---------------------------------------------------------------------------------------------------------------------------+
; Analysis & Elaboration Settings                                                                                           ;
+---------------------------------------------------------------------------------+--------------------+--------------------+
; Option                                                                          ; Setting            ; Default Value      ;
+---------------------------------------------------------------------------------+--------------------+--------------------+
; Device                                                                          ; 5CEBA4F23C7        ;                    ;
; Top-level entity name                                                           ; CPU_G16            ; CPU_G16            ;
; Family name                                                                     ; Cyclone V          ; Cyclone V          ;
; Use smart compilation                                                           ; Off                ; Off                ;
; Enable parallel Assembler and Timing Analyzer during compilation                ; On                 ; On                 ;
; Enable compact report table                                                     ; Off                ; Off                ;
; Restructure Multiplexers                                                        ; Auto               ; Auto               ;
; MLAB Add Timing Constraints For Mixed-Port Feed-Through Mode Setting Don't Care ; Off                ; Off                ;
; Create Debugging Nodes for IP Cores                                             ; Off                ; Off                ;
; Preserve fewer node names                                                       ; On                 ; On                 ;
; Intel FPGA IP Evaluation Mode                                                   ; Enable             ; Enable             ;
; Verilog Version                                                                 ; Verilog_2001       ; Verilog_2001       ;
; VHDL Version                                                                    ; VHDL_1993          ; VHDL_1993          ;
; State Machine Processing                                                        ; Auto               ; Auto               ;
; Safe State Machine                                                              ; Off                ; Off                ;
; Extract Verilog State Machines                                                  ; On                 ; On                 ;
; Extract VHDL State Machines                                                     ; On                 ; On                 ;
; Ignore Verilog initial constructs                                               ; Off                ; Off                ;
; Iteration limit for constant Verilog loops                                      ; 5000               ; 5000               ;
; Iteration limit for non-constant Verilog loops                                  ; 250                ; 250                ;
; Add Pass-Through Logic to Inferred RAMs                                         ; On                 ; On                 ;
; Infer RAMs from Raw Logic                                                       ; On                 ; On                 ;
; Parallel Synthesis                                                              ; On                 ; On                 ;
; DSP Block Balancing                                                             ; Auto               ; Auto               ;
; NOT Gate Push-Back                                                              ; On                 ; On                 ;
; Power-Up Don't Care                                                             ; On                 ; On                 ;
; Remove Redundant Logic Cells                                                    ; Off                ; Off                ;
; Remove Duplicate Registers                                                      ; On                 ; On                 ;
; Ignore CARRY Buffers                                                            ; Off                ; Off                ;
; Ignore CASCADE Buffers                                                          ; Off                ; Off                ;
; Ignore GLOBAL Buffers                                                           ; Off                ; Off                ;
; Ignore ROW GLOBAL Buffers                                                       ; Off                ; Off                ;
; Ignore LCELL Buffers                                                            ; Off                ; Off                ;
; Ignore SOFT Buffers                                                             ; On                 ; On                 ;
; Limit AHDL Integers to 32 Bits                                                  ; Off                ; Off                ;
; Optimization Technique                                                          ; Balanced           ; Balanced           ;
; Carry Chain Length                                                              ; 70                 ; 70                 ;
; Auto Carry Chains                                                               ; On                 ; On                 ;
; Auto Open-Drain Pins                                                            ; On                 ; On                 ;
; Perform WYSIWYG Primitive Resynthesis                                           ; Off                ; Off                ;
; Auto ROM Replacement                                                            ; On                 ; On                 ;
; Auto RAM Replacement                                                            ; On                 ; On                 ;
; Auto DSP Block Replacement                                                      ; On                 ; On                 ;
; Auto Shift Register Replacement                                                 ; Auto               ; Auto               ;
; Allow Shift Register Merging across Hierarchies                                 ; Auto               ; Auto               ;
; Auto Clock Enable Replacement                                                   ; On                 ; On                 ;
; Strict RAM Replacement                                                          ; Off                ; Off                ;
; Allow Synchronous Control Signals                                               ; On                 ; On                 ;
; Force Use of Synchronous Clear Signals                                          ; Off                ; Off                ;
; Auto Resource Sharing                                                           ; Off                ; Off                ;
; Allow Any RAM Size For Recognition                                              ; Off                ; Off                ;
; Allow Any ROM Size For Recognition                                              ; Off                ; Off                ;
; Allow Any Shift Register Size For Recognition                                   ; Off                ; Off                ;
; Use LogicLock Constraints during Resource Balancing                             ; On                 ; On                 ;
; Ignore translate_off and synthesis_off directives                               ; Off                ; Off                ;
; Timing-Driven Synthesis                                                         ; On                 ; On                 ;
; Report Parameter Settings                                                       ; On                 ; On                 ;
; Report Source Assignments                                                       ; On                 ; On                 ;
; Report Connectivity Checks                                                      ; On                 ; On                 ;
; Ignore Maximum Fan-Out Assignments                                              ; Off                ; Off                ;
; Synchronization Register Chain Length                                           ; 3                  ; 3                  ;
; Power Optimization During Synthesis                                             ; Normal compilation ; Normal compilation ;
; HDL message level                                                               ; Level2             ; Level2             ;
; Suppress Register Optimization Related Messages                                 ; Off                ; Off                ;
; Number of Removed Registers Reported in Synthesis Report                        ; 5000               ; 5000               ;
; Number of Swept Nodes Reported in Synthesis Report                              ; 5000               ; 5000               ;
; Number of Inverted Registers Reported in Synthesis Report                       ; 100                ; 100                ;
; Clock MUX Protection                                                            ; On                 ; On                 ;
; Auto Gated Clock Conversion                                                     ; Off                ; Off                ;
; Block Design Naming                                                             ; Auto               ; Auto               ;
; SDC constraint protection                                                       ; Off                ; Off                ;
; Synthesis Effort                                                                ; Auto               ; Auto               ;
; Shift Register Replacement - Allow Asynchronous Clear Signal                    ; On                 ; On                 ;
; Pre-Mapping Resynthesis Optimization                                            ; Off                ; Off                ;
; Analysis & Synthesis Message Level                                              ; Medium             ; Medium             ;
; Disable Register Merging Across Hierarchies                                     ; Auto               ; Auto               ;
; Resource Aware Inference For Block RAM                                          ; On                 ; On                 ;
; Automatic Parallel Synthesis                                                    ; On                 ; On                 ;
; Partial Reconfiguration Bitstream ID                                            ; Off                ; Off                ;
+---------------------------------------------------------------------------------+--------------------+--------------------+


+----------------------------------------------------------------------------------------------------------------------+
; Port Connectivity Checks: "con_ff:ConLogic"                                                                          ;
+------------+--------+----------+-------------------------------------------------------------------------------------+
; Port       ; Type   ; Severity ; Details                                                                             ;
+------------+--------+----------+-------------------------------------------------------------------------------------+
; CON_FF_out ; Output ; Info     ; Connected to dangling logic. Logic that only feeds a dangling port will be removed. ;
+------------+--------+----------+-------------------------------------------------------------------------------------+


+--------------------------------------------------------------------------------------------------------------------+
; Port Connectivity Checks: "register:Outport"                                                                       ;
+----------+--------+----------+-------------------------------------------------------------------------------------+
; Port     ; Type   ; Severity ; Details                                                                             ;
+----------+--------+----------+-------------------------------------------------------------------------------------+
; BusMuxIn ; Output ; Info     ; Connected to dangling logic. Logic that only feeds a dangling port will be removed. ;
+----------+--------+----------+-------------------------------------------------------------------------------------+


+----------------------------------------------------------------+
; Port Connectivity Checks: "ALU:alu|IncPC:incrPc|adder:adderPC" ;
+----------+-------+----------+----------------------------------+
; Port     ; Type  ; Severity ; Details                          ;
+----------+-------+----------+----------------------------------+
; B[31..1] ; Input ; Info     ; Stuck at GND                     ;
; B[0]     ; Input ; Info     ; Stuck at VCC                     ;
+----------+-------+----------+----------------------------------+


+-----------------------------------------------------------------------------------+
; Port Connectivity Checks: "ALU:alu|subtract:sub|twoCom:u_twocom|adder:adder_inst" ;
+----------+-------+----------+-----------------------------------------------------+
; Port     ; Type  ; Severity ; Details                                             ;
+----------+-------+----------+-----------------------------------------------------+
; B[31..1] ; Input ; Info     ; Stuck at GND                                        ;
; B[0]     ; Input ; Info     ; Stuck at VCC                                        ;
+----------+-------+----------+-----------------------------------------------------+


+---------------------------------+
; Analysis & Elaboration Messages ;
+---------------------------------+
Info: *******************************************************************
Info: Running Quartus Prime Analysis & Elaboration
    Info: Version 18.1.1 Build 646 04/11/2019 SJ Lite Edition
    Info: Processing started: Mon Mar 30 02:07:48 2026
Info: Command: quartus_map --read_settings_files=on --write_settings_files=off CPU_G16 -c CPU_G16 --analysis_and_elaboration
Warning (18236): Number of processors has not been specified which may cause overloading on shared machines.  Set the global assignment NUM_PARALLEL_PROCESSORS in your QSF to an appropriate value for best performance.
Info (20030): Parallel compilation is enabled and will use 4 of the 4 processors detected
Info (12021): Found 1 design units, including 1 entities, in source file shiftrighta.v
    Info (12023): Found entity 1: shiftRightA File: C:/QueenU/ELEC 374/ELEC374CPU3000/shiftRightA.v Line: 1
Info (12021): Found 1 design units, including 1 entities, in source file rotate_right.v
    Info (12023): Found entity 1: rotate_right File: C:/QueenU/ELEC 374/ELEC374CPU3000/rotate_right.v Line: 1
Info (12021): Found 1 design units, including 1 entities, in source file rotate_left.v
    Info (12023): Found entity 1: rotate_left File: C:/QueenU/ELEC 374/ELEC374CPU3000/rotate_left.v Line: 2
Warning (12018): Entity "NOT" will be ignored because it conflicts with Quartus Prime primitive name File: C:/QueenU/ELEC 374/ELEC374CPU3000/not.v Line: 2
Info (12021): Found 1 design units, including 1 entities, in source file not.v
Info (12021): Found 1 design units, including 1 entities, in source file cpu_g16_tb.v
    Info (12023): Found entity 1: CPU_G16_tb File: C:/QueenU/ELEC 374/ELEC374CPU3000/CPU_G16_tb.v Line: 6
Info (12021): Found 1 design units, including 1 entities, in source file cpu_g16.v
    Info (12023): Found entity 1: CPU_G16 File: C:/QueenU/ELEC 374/ELEC374CPU3000/CPU_G16.v Line: 1
Info (12021): Found 1 design units, including 1 entities, in source file and_datapath_tb.v
    Info (12023): Found entity 1: datapath_tb File: C:/QueenU/ELEC 374/ELEC374CPU3000/and_datapath_tb.v Line: 3
Info (12021): Found 1 design units, including 1 entities, in source file alu.v
    Info (12023): Found entity 1: ALU File: C:/QueenU/ELEC 374/ELEC374CPU3000/alu.v Line: 1
Info (12021): Found 1 design units, including 1 entities, in source file register.v
    Info (12023): Found entity 1: register File: C:/QueenU/ELEC 374/ELEC374CPU3000/register.v Line: 1
Info (12021): Found 0 design units, including 0 entities, in source file memorydataregister.v
Info (12021): Found 1 design units, including 1 entities, in source file mdreg.v
    Info (12023): Found entity 1: mdr File: C:/QueenU/ELEC 374/ELEC374CPU3000/mdreg.v Line: 1
Info (12021): Found 1 design units, including 1 entities, in source file bus.v
    Info (12023): Found entity 1: Bus File: C:/QueenU/ELEC 374/ELEC374CPU3000/bus.v Line: 1
Info (12021): Found 1 design units, including 1 entities, in source file register64.v
    Info (12023): Found entity 1: register64 File: C:/QueenU/ELEC 374/ELEC374CPU3000/register64.v Line: 1
Info (12021): Found 1 design units, including 1 entities, in source file and.v
    Info (12023): Found entity 1: AND_Operation File: C:/QueenU/ELEC 374/ELEC374CPU3000/and.v Line: 2
Info (12021): Found 1 design units, including 1 entities, in source file or.v
    Info (12023): Found entity 1: OR_Operation File: C:/QueenU/ELEC 374/ELEC374CPU3000/or.v Line: 2
Info (12021): Found 1 design units, including 1 entities, in source file onecom.v
    Info (12023): Found entity 1: oneCom File: C:/QueenU/ELEC 374/ELEC374CPU3000/oneCom.v Line: 2
Info (12021): Found 1 design units, including 1 entities, in source file adder.v
    Info (12023): Found entity 1: adder File: C:/QueenU/ELEC 374/ELEC374CPU3000/adder.v Line: 2
Info (12021): Found 1 design units, including 1 entities, in source file twocom.v
    Info (12023): Found entity 1: twoCom File: C:/QueenU/ELEC 374/ELEC374CPU3000/twoCom.v Line: 2
Info (12021): Found 1 design units, including 1 entities, in source file subtract.v
    Info (12023): Found entity 1: subtract File: C:/QueenU/ELEC 374/ELEC374CPU3000/subtract.v Line: 2
Info (12021): Found 1 design units, including 1 entities, in source file multiplier.v
    Info (12023): Found entity 1: booth_multiplier File: C:/QueenU/ELEC 374/ELEC374CPU3000/multiplier.v Line: 1
Info (12021): Found 1 design units, including 1 entities, in source file and_tb.v
    Info (12023): Found entity 1: tb_AND File: C:/QueenU/ELEC 374/ELEC374CPU3000/and_tb.v Line: 2
Info (12021): Found 1 design units, including 1 entities, in source file divider.v
    Info (12023): Found entity 1: divider File: C:/QueenU/ELEC 374/ELEC374CPU3000/divider.v Line: 1
Info (12021): Found 1 design units, including 1 entities, in source file shiftright.v
    Info (12023): Found entity 1: shiftRight File: C:/QueenU/ELEC 374/ELEC374CPU3000/shiftRight.v Line: 1
Info (12021): Found 1 design units, including 1 entities, in source file shiftleft.v
    Info (12023): Found entity 1: shiftLeft File: C:/QueenU/ELEC 374/ELEC374CPU3000/shiftLeft.v Line: 1
Info (12021): Found 1 design units, including 1 entities, in source file ram.v
    Info (12023): Found entity 1: ram File: C:/QueenU/ELEC 374/ELEC374CPU3000/ram.v Line: 1
Info (12021): Found 1 design units, including 1 entities, in source file sel.v
    Info (12023): Found entity 1: SEL File: C:/QueenU/ELEC 374/ELEC374CPU3000/SEL.v Line: 2
Info (12021): Found 1 design units, including 1 entities, in source file register0.v
    Info (12023): Found entity 1: register0 File: C:/QueenU/ELEC 374/ELEC374CPU3000/register0.v Line: 2
Info (12021): Found 1 design units, including 1 entities, in source file con_ff.v
    Info (12023): Found entity 1: con_ff File: C:/QueenU/ELEC 374/ELEC374CPU3000/con_ff.v Line: 1
Info (12021): Found 1 design units, including 1 entities, in source file con_logic.v
    Info (12023): Found entity 1: con_logic File: C:/QueenU/ELEC 374/ELEC374CPU3000/con_logic.v Line: 1
Info (12021): Found 1 design units, including 1 entities, in source file inport.v
    Info (12023): Found entity 1: inport File: C:/QueenU/ELEC 374/ELEC374CPU3000/inport.v Line: 1
Info (12021): Found 1 design units, including 1 entities, in source file cmodule.v
    Info (12023): Found entity 1: cmodule File: C:/QueenU/ELEC 374/ELEC374CPU3000/cmodule.v Line: 1
Info (12021): Found 1 design units, including 1 entities, in source file incpc.v
    Info (12023): Found entity 1: IncPC File: C:/QueenU/ELEC 374/ELEC374CPU3000/IncPC.v Line: 2
Info (12021): Found 1 design units, including 1 entities, in source file mar.v
    Info (12023): Found entity 1: mar File: C:/QueenU/ELEC 374/ELEC374CPU3000/mar.v Line: 1
Info (12127): Elaborating entity "CPU_G16" for the top level hierarchy
Info (12128): Elaborating entity "register0" for hierarchy "register0:R0" File: C:/QueenU/ELEC 374/ELEC374CPU3000/CPU_G16.v Line: 32
Info (12128): Elaborating entity "register" for hierarchy "register0:R0|register:r0" File: C:/QueenU/ELEC 374/ELEC374CPU3000/register0.v Line: 10
Info (12128): Elaborating entity "ALU" for hierarchy "ALU:alu" File: C:/QueenU/ELEC 374/ELEC374CPU3000/CPU_G16.v Line: 53
Info (12128): Elaborating entity "adder" for hierarchy "ALU:alu|adder:add" File: C:/QueenU/ELEC 374/ELEC374CPU3000/alu.v Line: 33
Info (12128): Elaborating entity "subtract" for hierarchy "ALU:alu|subtract:sub" File: C:/QueenU/ELEC 374/ELEC374CPU3000/alu.v Line: 34
Info (12128): Elaborating entity "twoCom" for hierarchy "ALU:alu|subtract:sub|twoCom:u_twocom" File: C:/QueenU/ELEC 374/ELEC374CPU3000/subtract.v Line: 14
Info (12128): Elaborating entity "oneCom" for hierarchy "ALU:alu|subtract:sub|twoCom:u_twocom|oneCom:OneCom_inst" File: C:/QueenU/ELEC 374/ELEC374CPU3000/twoCom.v Line: 19
Info (12128): Elaborating entity "booth_multiplier" for hierarchy "ALU:alu|booth_multiplier:mul" File: C:/QueenU/ELEC 374/ELEC374CPU3000/alu.v Line: 35
Info (12128): Elaborating entity "divider" for hierarchy "ALU:alu|divider:div" File: C:/QueenU/ELEC 374/ELEC374CPU3000/alu.v Line: 36
Warning (10240): Verilog HDL Always Construct warning at divider.v(21): inferring latch(es) for variable "signQ", which holds its previous value in one or more paths through the always construct File: C:/QueenU/ELEC 374/ELEC374CPU3000/divider.v Line: 21
Warning (10240): Verilog HDL Always Construct warning at divider.v(21): inferring latch(es) for variable "signM", which holds its previous value in one or more paths through the always construct File: C:/QueenU/ELEC 374/ELEC374CPU3000/divider.v Line: 21
Warning (10240): Verilog HDL Always Construct warning at divider.v(21): inferring latch(es) for variable "signResult", which holds its previous value in one or more paths through the always construct File: C:/QueenU/ELEC 374/ELEC374CPU3000/divider.v Line: 21
Warning (10240): Verilog HDL Always Construct warning at divider.v(21): inferring latch(es) for variable "absQ", which holds its previous value in one or more paths through the always construct File: C:/QueenU/ELEC 374/ELEC374CPU3000/divider.v Line: 21
Warning (10240): Verilog HDL Always Construct warning at divider.v(21): inferring latch(es) for variable "absM", which holds its previous value in one or more paths through the always construct File: C:/QueenU/ELEC 374/ELEC374CPU3000/divider.v Line: 21
Warning (10240): Verilog HDL Always Construct warning at divider.v(21): inferring latch(es) for variable "A", which holds its previous value in one or more paths through the always construct File: C:/QueenU/ELEC 374/ELEC374CPU3000/divider.v Line: 21
Warning (10240): Verilog HDL Always Construct warning at divider.v(21): inferring latch(es) for variable "Q_reg", which holds its previous value in one or more paths through the always construct File: C:/QueenU/ELEC 374/ELEC374CPU3000/divider.v Line: 21
Warning (10240): Verilog HDL Always Construct warning at divider.v(21): inferring latch(es) for variable "i", which holds its previous value in one or more paths through the always construct File: C:/QueenU/ELEC 374/ELEC374CPU3000/divider.v Line: 21
Info (12128): Elaborating entity "shiftRight" for hierarchy "ALU:alu|shiftRight:shr" File: C:/QueenU/ELEC 374/ELEC374CPU3000/alu.v Line: 38
Warning (10240): Verilog HDL Always Construct warning at shiftRight.v(16): inferring latch(es) for variable "Result", which holds its previous value in one or more paths through the always construct File: C:/QueenU/ELEC 374/ELEC374CPU3000/shiftRight.v Line: 16
Warning (10240): Verilog HDL Always Construct warning at shiftRight.v(16): inferring latch(es) for variable "i", which holds its previous value in one or more paths through the always construct File: C:/QueenU/ELEC 374/ELEC374CPU3000/shiftRight.v Line: 16
Info (10041): Inferred latch for "Result[0]" at shiftRight.v(25) File: C:/QueenU/ELEC 374/ELEC374CPU3000/shiftRight.v Line: 25
Info (10041): Inferred latch for "Result[1]" at shiftRight.v(25) File: C:/QueenU/ELEC 374/ELEC374CPU3000/shiftRight.v Line: 25
Info (10041): Inferred latch for "Result[2]" at shiftRight.v(25) File: C:/QueenU/ELEC 374/ELEC374CPU3000/shiftRight.v Line: 25
Info (10041): Inferred latch for "Result[3]" at shiftRight.v(25) File: C:/QueenU/ELEC 374/ELEC374CPU3000/shiftRight.v Line: 25
Info (10041): Inferred latch for "Result[4]" at shiftRight.v(25) File: C:/QueenU/ELEC 374/ELEC374CPU3000/shiftRight.v Line: 25
Info (10041): Inferred latch for "Result[5]" at shiftRight.v(25) File: C:/QueenU/ELEC 374/ELEC374CPU3000/shiftRight.v Line: 25
Info (10041): Inferred latch for "Result[6]" at shiftRight.v(25) File: C:/QueenU/ELEC 374/ELEC374CPU3000/shiftRight.v Line: 25
Info (10041): Inferred latch for "Result[7]" at shiftRight.v(25) File: C:/QueenU/ELEC 374/ELEC374CPU3000/shiftRight.v Line: 25
Info (10041): Inferred latch for "Result[8]" at shiftRight.v(25) File: C:/QueenU/ELEC 374/ELEC374CPU3000/shiftRight.v Line: 25
Info (10041): Inferred latch for "Result[9]" at shiftRight.v(25) File: C:/QueenU/ELEC 374/ELEC374CPU3000/shiftRight.v Line: 25
Info (10041): Inferred latch for "Result[10]" at shiftRight.v(25) File: C:/QueenU/ELEC 374/ELEC374CPU3000/shiftRight.v Line: 25
Info (10041): Inferred latch for "Result[11]" at shiftRight.v(25) File: C:/QueenU/ELEC 374/ELEC374CPU3000/shiftRight.v Line: 25
Info (10041): Inferred latch for "Result[12]" at shiftRight.v(25) File: C:/QueenU/ELEC 374/ELEC374CPU3000/shiftRight.v Line: 25
Info (10041): Inferred latch for "Result[13]" at shiftRight.v(25) File: C:/QueenU/ELEC 374/ELEC374CPU3000/shiftRight.v Line: 25
Info (10041): Inferred latch for "Result[14]" at shiftRight.v(25) File: C:/QueenU/ELEC 374/ELEC374CPU3000/shiftRight.v Line: 25
Info (10041): Inferred latch for "Result[15]" at shiftRight.v(25) File: C:/QueenU/ELEC 374/ELEC374CPU3000/shiftRight.v Line: 25
Info (10041): Inferred latch for "Result[16]" at shiftRight.v(25) File: C:/QueenU/ELEC 374/ELEC374CPU3000/shiftRight.v Line: 25
Info (10041): Inferred latch for "Result[17]" at shiftRight.v(25) File: C:/QueenU/ELEC 374/ELEC374CPU3000/shiftRight.v Line: 25
Info (10041): Inferred latch for "Result[18]" at shiftRight.v(25) File: C:/QueenU/ELEC 374/ELEC374CPU3000/shiftRight.v Line: 25
Info (10041): Inferred latch for "Result[19]" at shiftRight.v(25) File: C:/QueenU/ELEC 374/ELEC374CPU3000/shiftRight.v Line: 25
Info (10041): Inferred latch for "Result[20]" at shiftRight.v(25) File: C:/QueenU/ELEC 374/ELEC374CPU3000/shiftRight.v Line: 25
Info (10041): Inferred latch for "Result[21]" at shiftRight.v(25) File: C:/QueenU/ELEC 374/ELEC374CPU3000/shiftRight.v Line: 25
Info (10041): Inferred latch for "Result[22]" at shiftRight.v(25) File: C:/QueenU/ELEC 374/ELEC374CPU3000/shiftRight.v Line: 25
Info (10041): Inferred latch for "Result[23]" at shiftRight.v(25) File: C:/QueenU/ELEC 374/ELEC374CPU3000/shiftRight.v Line: 25
Info (10041): Inferred latch for "Result[24]" at shiftRight.v(25) File: C:/QueenU/ELEC 374/ELEC374CPU3000/shiftRight.v Line: 25
Info (10041): Inferred latch for "Result[25]" at shiftRight.v(25) File: C:/QueenU/ELEC 374/ELEC374CPU3000/shiftRight.v Line: 25
Info (10041): Inferred latch for "Result[26]" at shiftRight.v(25) File: C:/QueenU/ELEC 374/ELEC374CPU3000/shiftRight.v Line: 25
Info (10041): Inferred latch for "Result[27]" at shiftRight.v(25) File: C:/QueenU/ELEC 374/ELEC374CPU3000/shiftRight.v Line: 25
Info (10041): Inferred latch for "Result[28]" at shiftRight.v(25) File: C:/QueenU/ELEC 374/ELEC374CPU3000/shiftRight.v Line: 25
Info (10041): Inferred latch for "Result[29]" at shiftRight.v(25) File: C:/QueenU/ELEC 374/ELEC374CPU3000/shiftRight.v Line: 25
Info (10041): Inferred latch for "Result[30]" at shiftRight.v(25) File: C:/QueenU/ELEC 374/ELEC374CPU3000/shiftRight.v Line: 25
Info (10041): Inferred latch for "Result[31]" at shiftRight.v(25) File: C:/QueenU/ELEC 374/ELEC374CPU3000/shiftRight.v Line: 25
Info (12128): Elaborating entity "shiftRightA" for hierarchy "ALU:alu|shiftRightA:shra" File: C:/QueenU/ELEC 374/ELEC374CPU3000/alu.v Line: 39
Warning (10240): Verilog HDL Always Construct warning at shiftRightA.v(18): inferring latch(es) for variable "Result", which holds its previous value in one or more paths through the always construct File: C:/QueenU/ELEC 374/ELEC374CPU3000/shiftRightA.v Line: 18
Warning (10240): Verilog HDL Always Construct warning at shiftRightA.v(18): inferring latch(es) for variable "i", which holds its previous value in one or more paths through the always construct File: C:/QueenU/ELEC 374/ELEC374CPU3000/shiftRightA.v Line: 18
Info (10041): Inferred latch for "Result[0]" at shiftRightA.v(32) File: C:/QueenU/ELEC 374/ELEC374CPU3000/shiftRightA.v Line: 32
Info (10041): Inferred latch for "Result[1]" at shiftRightA.v(32) File: C:/QueenU/ELEC 374/ELEC374CPU3000/shiftRightA.v Line: 32
Info (10041): Inferred latch for "Result[2]" at shiftRightA.v(32) File: C:/QueenU/ELEC 374/ELEC374CPU3000/shiftRightA.v Line: 32
Info (10041): Inferred latch for "Result[3]" at shiftRightA.v(32) File: C:/QueenU/ELEC 374/ELEC374CPU3000/shiftRightA.v Line: 32
Info (10041): Inferred latch for "Result[4]" at shiftRightA.v(32) File: C:/QueenU/ELEC 374/ELEC374CPU3000/shiftRightA.v Line: 32
Info (10041): Inferred latch for "Result[5]" at shiftRightA.v(32) File: C:/QueenU/ELEC 374/ELEC374CPU3000/shiftRightA.v Line: 32
Info (10041): Inferred latch for "Result[6]" at shiftRightA.v(32) File: C:/QueenU/ELEC 374/ELEC374CPU3000/shiftRightA.v Line: 32
Info (10041): Inferred latch for "Result[7]" at shiftRightA.v(32) File: C:/QueenU/ELEC 374/ELEC374CPU3000/shiftRightA.v Line: 32
Info (10041): Inferred latch for "Result[8]" at shiftRightA.v(32) File: C:/QueenU/ELEC 374/ELEC374CPU3000/shiftRightA.v Line: 32
Info (10041): Inferred latch for "Result[9]" at shiftRightA.v(32) File: C:/QueenU/ELEC 374/ELEC374CPU3000/shiftRightA.v Line: 32
Info (10041): Inferred latch for "Result[10]" at shiftRightA.v(32) File: C:/QueenU/ELEC 374/ELEC374CPU3000/shiftRightA.v Line: 32
Info (10041): Inferred latch for "Result[11]" at shiftRightA.v(32) File: C:/QueenU/ELEC 374/ELEC374CPU3000/shiftRightA.v Line: 32
Info (10041): Inferred latch for "Result[12]" at shiftRightA.v(32) File: C:/QueenU/ELEC 374/ELEC374CPU3000/shiftRightA.v Line: 32
Info (10041): Inferred latch for "Result[13]" at shiftRightA.v(32) File: C:/QueenU/ELEC 374/ELEC374CPU3000/shiftRightA.v Line: 32
Info (10041): Inferred latch for "Result[14]" at shiftRightA.v(32) File: C:/QueenU/ELEC 374/ELEC374CPU3000/shiftRightA.v Line: 32
Info (10041): Inferred latch for "Result[15]" at shiftRightA.v(32) File: C:/QueenU/ELEC 374/ELEC374CPU3000/shiftRightA.v Line: 32
Info (10041): Inferred latch for "Result[16]" at shiftRightA.v(32) File: C:/QueenU/ELEC 374/ELEC374CPU3000/shiftRightA.v Line: 32
Info (10041): Inferred latch for "Result[17]" at shiftRightA.v(32) File: C:/QueenU/ELEC 374/ELEC374CPU3000/shiftRightA.v Line: 32
Info (10041): Inferred latch for "Result[18]" at shiftRightA.v(32) File: C:/QueenU/ELEC 374/ELEC374CPU3000/shiftRightA.v Line: 32
Info (10041): Inferred latch for "Result[19]" at shiftRightA.v(32) File: C:/QueenU/ELEC 374/ELEC374CPU3000/shiftRightA.v Line: 32
Info (10041): Inferred latch for "Result[20]" at shiftRightA.v(32) File: C:/QueenU/ELEC 374/ELEC374CPU3000/shiftRightA.v Line: 32
Info (10041): Inferred latch for "Result[21]" at shiftRightA.v(32) File: C:/QueenU/ELEC 374/ELEC374CPU3000/shiftRightA.v Line: 32
Info (10041): Inferred latch for "Result[22]" at shiftRightA.v(32) File: C:/QueenU/ELEC 374/ELEC374CPU3000/shiftRightA.v Line: 32
Info (10041): Inferred latch for "Result[23]" at shiftRightA.v(32) File: C:/QueenU/ELEC 374/ELEC374CPU3000/shiftRightA.v Line: 32
Info (10041): Inferred latch for "Result[24]" at shiftRightA.v(32) File: C:/QueenU/ELEC 374/ELEC374CPU3000/shiftRightA.v Line: 32
Info (10041): Inferred latch for "Result[25]" at shiftRightA.v(32) File: C:/QueenU/ELEC 374/ELEC374CPU3000/shiftRightA.v Line: 32
Info (10041): Inferred latch for "Result[26]" at shiftRightA.v(32) File: C:/QueenU/ELEC 374/ELEC374CPU3000/shiftRightA.v Line: 32
Info (10041): Inferred latch for "Result[27]" at shiftRightA.v(32) File: C:/QueenU/ELEC 374/ELEC374CPU3000/shiftRightA.v Line: 32
Info (10041): Inferred latch for "Result[28]" at shiftRightA.v(32) File: C:/QueenU/ELEC 374/ELEC374CPU3000/shiftRightA.v Line: 32
Info (10041): Inferred latch for "Result[29]" at shiftRightA.v(32) File: C:/QueenU/ELEC 374/ELEC374CPU3000/shiftRightA.v Line: 32
Info (10041): Inferred latch for "Result[30]" at shiftRightA.v(32) File: C:/QueenU/ELEC 374/ELEC374CPU3000/shiftRightA.v Line: 32
Info (10041): Inferred latch for "Result[31]" at shiftRightA.v(32) File: C:/QueenU/ELEC 374/ELEC374CPU3000/shiftRightA.v Line: 32
Info (12128): Elaborating entity "shiftLeft" for hierarchy "ALU:alu|shiftLeft:shl" File: C:/QueenU/ELEC 374/ELEC374CPU3000/alu.v Line: 40
Warning (10240): Verilog HDL Always Construct warning at shiftLeft.v(15): inferring latch(es) for variable "Result", which holds its previous value in one or more paths through the always construct File: C:/QueenU/ELEC 374/ELEC374CPU3000/shiftLeft.v Line: 15
Warning (10240): Verilog HDL Always Construct warning at shiftLeft.v(15): inferring latch(es) for variable "i", which holds its previous value in one or more paths through the always construct File: C:/QueenU/ELEC 374/ELEC374CPU3000/shiftLeft.v Line: 15
Info (10041): Inferred latch for "Result[0]" at shiftLeft.v(25) File: C:/QueenU/ELEC 374/ELEC374CPU3000/shiftLeft.v Line: 25
Info (10041): Inferred latch for "Result[1]" at shiftLeft.v(25) File: C:/QueenU/ELEC 374/ELEC374CPU3000/shiftLeft.v Line: 25
Info (10041): Inferred latch for "Result[2]" at shiftLeft.v(25) File: C:/QueenU/ELEC 374/ELEC374CPU3000/shiftLeft.v Line: 25
Info (10041): Inferred latch for "Result[3]" at shiftLeft.v(25) File: C:/QueenU/ELEC 374/ELEC374CPU3000/shiftLeft.v Line: 25
Info (10041): Inferred latch for "Result[4]" at shiftLeft.v(25) File: C:/QueenU/ELEC 374/ELEC374CPU3000/shiftLeft.v Line: 25
Info (10041): Inferred latch for "Result[5]" at shiftLeft.v(25) File: C:/QueenU/ELEC 374/ELEC374CPU3000/shiftLeft.v Line: 25
Info (10041): Inferred latch for "Result[6]" at shiftLeft.v(25) File: C:/QueenU/ELEC 374/ELEC374CPU3000/shiftLeft.v Line: 25
Info (10041): Inferred latch for "Result[7]" at shiftLeft.v(25) File: C:/QueenU/ELEC 374/ELEC374CPU3000/shiftLeft.v Line: 25
Info (10041): Inferred latch for "Result[8]" at shiftLeft.v(25) File: C:/QueenU/ELEC 374/ELEC374CPU3000/shiftLeft.v Line: 25
Info (10041): Inferred latch for "Result[9]" at shiftLeft.v(25) File: C:/QueenU/ELEC 374/ELEC374CPU3000/shiftLeft.v Line: 25
Info (10041): Inferred latch for "Result[10]" at shiftLeft.v(25) File: C:/QueenU/ELEC 374/ELEC374CPU3000/shiftLeft.v Line: 25
Info (10041): Inferred latch for "Result[11]" at shiftLeft.v(25) File: C:/QueenU/ELEC 374/ELEC374CPU3000/shiftLeft.v Line: 25
Info (10041): Inferred latch for "Result[12]" at shiftLeft.v(25) File: C:/QueenU/ELEC 374/ELEC374CPU3000/shiftLeft.v Line: 25
Info (10041): Inferred latch for "Result[13]" at shiftLeft.v(25) File: C:/QueenU/ELEC 374/ELEC374CPU3000/shiftLeft.v Line: 25
Info (10041): Inferred latch for "Result[14]" at shiftLeft.v(25) File: C:/QueenU/ELEC 374/ELEC374CPU3000/shiftLeft.v Line: 25
Info (10041): Inferred latch for "Result[15]" at shiftLeft.v(25) File: C:/QueenU/ELEC 374/ELEC374CPU3000/shiftLeft.v Line: 25
Info (10041): Inferred latch for "Result[16]" at shiftLeft.v(25) File: C:/QueenU/ELEC 374/ELEC374CPU3000/shiftLeft.v Line: 25
Info (10041): Inferred latch for "Result[17]" at shiftLeft.v(25) File: C:/QueenU/ELEC 374/ELEC374CPU3000/shiftLeft.v Line: 25
Info (10041): Inferred latch for "Result[18]" at shiftLeft.v(25) File: C:/QueenU/ELEC 374/ELEC374CPU3000/shiftLeft.v Line: 25
Info (10041): Inferred latch for "Result[19]" at shiftLeft.v(25) File: C:/QueenU/ELEC 374/ELEC374CPU3000/shiftLeft.v Line: 25
Info (10041): Inferred latch for "Result[20]" at shiftLeft.v(25) File: C:/QueenU/ELEC 374/ELEC374CPU3000/shiftLeft.v Line: 25
Info (10041): Inferred latch for "Result[21]" at shiftLeft.v(25) File: C:/QueenU/ELEC 374/ELEC374CPU3000/shiftLeft.v Line: 25
Info (10041): Inferred latch for "Result[22]" at shiftLeft.v(25) File: C:/QueenU/ELEC 374/ELEC374CPU3000/shiftLeft.v Line: 25
Info (10041): Inferred latch for "Result[23]" at shiftLeft.v(25) File: C:/QueenU/ELEC 374/ELEC374CPU3000/shiftLeft.v Line: 25
Info (10041): Inferred latch for "Result[24]" at shiftLeft.v(25) File: C:/QueenU/ELEC 374/ELEC374CPU3000/shiftLeft.v Line: 25
Info (10041): Inferred latch for "Result[25]" at shiftLeft.v(25) File: C:/QueenU/ELEC 374/ELEC374CPU3000/shiftLeft.v Line: 25
Info (10041): Inferred latch for "Result[26]" at shiftLeft.v(25) File: C:/QueenU/ELEC 374/ELEC374CPU3000/shiftLeft.v Line: 25
Info (10041): Inferred latch for "Result[27]" at shiftLeft.v(25) File: C:/QueenU/ELEC 374/ELEC374CPU3000/shiftLeft.v Line: 25
Info (10041): Inferred latch for "Result[28]" at shiftLeft.v(25) File: C:/QueenU/ELEC 374/ELEC374CPU3000/shiftLeft.v Line: 25
Info (10041): Inferred latch for "Result[29]" at shiftLeft.v(25) File: C:/QueenU/ELEC 374/ELEC374CPU3000/shiftLeft.v Line: 25
Info (10041): Inferred latch for "Result[30]" at shiftLeft.v(25) File: C:/QueenU/ELEC 374/ELEC374CPU3000/shiftLeft.v Line: 25
Info (10041): Inferred latch for "Result[31]" at shiftLeft.v(25) File: C:/QueenU/ELEC 374/ELEC374CPU3000/shiftLeft.v Line: 25
Info (12128): Elaborating entity "rotate_right" for hierarchy "ALU:alu|rotate_right:ror" File: C:/QueenU/ELEC 374/ELEC374CPU3000/alu.v Line: 42
Warning (10036): Verilog HDL or VHDL warning at rotate_right.v(9): object "shiftTemp" assigned a value but never read File: C:/QueenU/ELEC 374/ELEC374CPU3000/rotate_right.v Line: 9
Warning (10240): Verilog HDL Always Construct warning at rotate_right.v(18): inferring latch(es) for variable "Result", which holds its previous value in one or more paths through the always construct File: C:/QueenU/ELEC 374/ELEC374CPU3000/rotate_right.v Line: 18
Info (10041): Inferred latch for "Result[0]" at rotate_right.v(65) File: C:/QueenU/ELEC 374/ELEC374CPU3000/rotate_right.v Line: 65
Info (10041): Inferred latch for "Result[1]" at rotate_right.v(65) File: C:/QueenU/ELEC 374/ELEC374CPU3000/rotate_right.v Line: 65
Info (10041): Inferred latch for "Result[2]" at rotate_right.v(65) File: C:/QueenU/ELEC 374/ELEC374CPU3000/rotate_right.v Line: 65
Info (10041): Inferred latch for "Result[3]" at rotate_right.v(65) File: C:/QueenU/ELEC 374/ELEC374CPU3000/rotate_right.v Line: 65
Info (10041): Inferred latch for "Result[4]" at rotate_right.v(65) File: C:/QueenU/ELEC 374/ELEC374CPU3000/rotate_right.v Line: 65
Info (10041): Inferred latch for "Result[5]" at rotate_right.v(65) File: C:/QueenU/ELEC 374/ELEC374CPU3000/rotate_right.v Line: 65
Info (10041): Inferred latch for "Result[6]" at rotate_right.v(65) File: C:/QueenU/ELEC 374/ELEC374CPU3000/rotate_right.v Line: 65
Info (10041): Inferred latch for "Result[7]" at rotate_right.v(65) File: C:/QueenU/ELEC 374/ELEC374CPU3000/rotate_right.v Line: 65
Info (10041): Inferred latch for "Result[8]" at rotate_right.v(65) File: C:/QueenU/ELEC 374/ELEC374CPU3000/rotate_right.v Line: 65
Info (10041): Inferred latch for "Result[9]" at rotate_right.v(65) File: C:/QueenU/ELEC 374/ELEC374CPU3000/rotate_right.v Line: 65
Info (10041): Inferred latch for "Result[10]" at rotate_right.v(65) File: C:/QueenU/ELEC 374/ELEC374CPU3000/rotate_right.v Line: 65
Info (10041): Inferred latch for "Result[11]" at rotate_right.v(65) File: C:/QueenU/ELEC 374/ELEC374CPU3000/rotate_right.v Line: 65
Info (10041): Inferred latch for "Result[12]" at rotate_right.v(65) File: C:/QueenU/ELEC 374/ELEC374CPU3000/rotate_right.v Line: 65
Info (10041): Inferred latch for "Result[13]" at rotate_right.v(65) File: C:/QueenU/ELEC 374/ELEC374CPU3000/rotate_right.v Line: 65
Info (10041): Inferred latch for "Result[14]" at rotate_right.v(65) File: C:/QueenU/ELEC 374/ELEC374CPU3000/rotate_right.v Line: 65
Info (10041): Inferred latch for "Result[15]" at rotate_right.v(65) File: C:/QueenU/ELEC 374/ELEC374CPU3000/rotate_right.v Line: 65
Info (10041): Inferred latch for "Result[16]" at rotate_right.v(65) File: C:/QueenU/ELEC 374/ELEC374CPU3000/rotate_right.v Line: 65
Info (10041): Inferred latch for "Result[17]" at rotate_right.v(65) File: C:/QueenU/ELEC 374/ELEC374CPU3000/rotate_right.v Line: 65
Info (10041): Inferred latch for "Result[18]" at rotate_right.v(65) File: C:/QueenU/ELEC 374/ELEC374CPU3000/rotate_right.v Line: 65
Info (10041): Inferred latch for "Result[19]" at rotate_right.v(65) File: C:/QueenU/ELEC 374/ELEC374CPU3000/rotate_right.v Line: 65
Info (10041): Inferred latch for "Result[20]" at rotate_right.v(65) File: C:/QueenU/ELEC 374/ELEC374CPU3000/rotate_right.v Line: 65
Info (10041): Inferred latch for "Result[21]" at rotate_right.v(65) File: C:/QueenU/ELEC 374/ELEC374CPU3000/rotate_right.v Line: 65
Info (10041): Inferred latch for "Result[22]" at rotate_right.v(65) File: C:/QueenU/ELEC 374/ELEC374CPU3000/rotate_right.v Line: 65
Info (10041): Inferred latch for "Result[23]" at rotate_right.v(65) File: C:/QueenU/ELEC 374/ELEC374CPU3000/rotate_right.v Line: 65
Info (10041): Inferred latch for "Result[24]" at rotate_right.v(65) File: C:/QueenU/ELEC 374/ELEC374CPU3000/rotate_right.v Line: 65
Info (10041): Inferred latch for "Result[25]" at rotate_right.v(65) File: C:/QueenU/ELEC 374/ELEC374CPU3000/rotate_right.v Line: 65
Info (10041): Inferred latch for "Result[26]" at rotate_right.v(65) File: C:/QueenU/ELEC 374/ELEC374CPU3000/rotate_right.v Line: 65
Info (10041): Inferred latch for "Result[27]" at rotate_right.v(65) File: C:/QueenU/ELEC 374/ELEC374CPU3000/rotate_right.v Line: 65
Info (10041): Inferred latch for "Result[28]" at rotate_right.v(65) File: C:/QueenU/ELEC 374/ELEC374CPU3000/rotate_right.v Line: 65
Info (10041): Inferred latch for "Result[29]" at rotate_right.v(65) File: C:/QueenU/ELEC 374/ELEC374CPU3000/rotate_right.v Line: 65
Info (10041): Inferred latch for "Result[30]" at rotate_right.v(65) File: C:/QueenU/ELEC 374/ELEC374CPU3000/rotate_right.v Line: 65
Info (10041): Inferred latch for "Result[31]" at rotate_right.v(65) File: C:/QueenU/ELEC 374/ELEC374CPU3000/rotate_right.v Line: 65
Info (12128): Elaborating entity "rotate_left" for hierarchy "ALU:alu|rotate_left:rol" File: C:/QueenU/ELEC 374/ELEC374CPU3000/alu.v Line: 43
Warning (10036): Verilog HDL or VHDL warning at rotate_left.v(10): object "shiftTemp" assigned a value but never read File: C:/QueenU/ELEC 374/ELEC374CPU3000/rotate_left.v Line: 10
Warning (10240): Verilog HDL Always Construct warning at rotate_left.v(16): inferring latch(es) for variable "Result", which holds its previous value in one or more paths through the always construct File: C:/QueenU/ELEC 374/ELEC374CPU3000/rotate_left.v Line: 16
Info (10041): Inferred latch for "Result[0]" at rotate_left.v(66) File: C:/QueenU/ELEC 374/ELEC374CPU3000/rotate_left.v Line: 66
Info (10041): Inferred latch for "Result[1]" at rotate_left.v(66) File: C:/QueenU/ELEC 374/ELEC374CPU3000/rotate_left.v Line: 66
Info (10041): Inferred latch for "Result[2]" at rotate_left.v(66) File: C:/QueenU/ELEC 374/ELEC374CPU3000/rotate_left.v Line: 66
Info (10041): Inferred latch for "Result[3]" at rotate_left.v(66) File: C:/QueenU/ELEC 374/ELEC374CPU3000/rotate_left.v Line: 66
Info (10041): Inferred latch for "Result[4]" at rotate_left.v(66) File: C:/QueenU/ELEC 374/ELEC374CPU3000/rotate_left.v Line: 66
Info (10041): Inferred latch for "Result[5]" at rotate_left.v(66) File: C:/QueenU/ELEC 374/ELEC374CPU3000/rotate_left.v Line: 66
Info (10041): Inferred latch for "Result[6]" at rotate_left.v(66) File: C:/QueenU/ELEC 374/ELEC374CPU3000/rotate_left.v Line: 66
Info (10041): Inferred latch for "Result[7]" at rotate_left.v(66) File: C:/QueenU/ELEC 374/ELEC374CPU3000/rotate_left.v Line: 66
Info (10041): Inferred latch for "Result[8]" at rotate_left.v(66) File: C:/QueenU/ELEC 374/ELEC374CPU3000/rotate_left.v Line: 66
Info (10041): Inferred latch for "Result[9]" at rotate_left.v(66) File: C:/QueenU/ELEC 374/ELEC374CPU3000/rotate_left.v Line: 66
Info (10041): Inferred latch for "Result[10]" at rotate_left.v(66) File: C:/QueenU/ELEC 374/ELEC374CPU3000/rotate_left.v Line: 66
Info (10041): Inferred latch for "Result[11]" at rotate_left.v(66) File: C:/QueenU/ELEC 374/ELEC374CPU3000/rotate_left.v Line: 66
Info (10041): Inferred latch for "Result[12]" at rotate_left.v(66) File: C:/QueenU/ELEC 374/ELEC374CPU3000/rotate_left.v Line: 66
Info (10041): Inferred latch for "Result[13]" at rotate_left.v(66) File: C:/QueenU/ELEC 374/ELEC374CPU3000/rotate_left.v Line: 66
Info (10041): Inferred latch for "Result[14]" at rotate_left.v(66) File: C:/QueenU/ELEC 374/ELEC374CPU3000/rotate_left.v Line: 66
Info (10041): Inferred latch for "Result[15]" at rotate_left.v(66) File: C:/QueenU/ELEC 374/ELEC374CPU3000/rotate_left.v Line: 66
Info (10041): Inferred latch for "Result[16]" at rotate_left.v(66) File: C:/QueenU/ELEC 374/ELEC374CPU3000/rotate_left.v Line: 66
Info (10041): Inferred latch for "Result[17]" at rotate_left.v(66) File: C:/QueenU/ELEC 374/ELEC374CPU3000/rotate_left.v Line: 66
Info (10041): Inferred latch for "Result[18]" at rotate_left.v(66) File: C:/QueenU/ELEC 374/ELEC374CPU3000/rotate_left.v Line: 66
Info (10041): Inferred latch for "Result[19]" at rotate_left.v(66) File: C:/QueenU/ELEC 374/ELEC374CPU3000/rotate_left.v Line: 66
Info (10041): Inferred latch for "Result[20]" at rotate_left.v(66) File: C:/QueenU/ELEC 374/ELEC374CPU3000/rotate_left.v Line: 66
Info (10041): Inferred latch for "Result[21]" at rotate_left.v(66) File: C:/QueenU/ELEC 374/ELEC374CPU3000/rotate_left.v Line: 66
Info (10041): Inferred latch for "Result[22]" at rotate_left.v(66) File: C:/QueenU/ELEC 374/ELEC374CPU3000/rotate_left.v Line: 66
Info (10041): Inferred latch for "Result[23]" at rotate_left.v(66) File: C:/QueenU/ELEC 374/ELEC374CPU3000/rotate_left.v Line: 66
Info (10041): Inferred latch for "Result[24]" at rotate_left.v(66) File: C:/QueenU/ELEC 374/ELEC374CPU3000/rotate_left.v Line: 66
Info (10041): Inferred latch for "Result[25]" at rotate_left.v(66) File: C:/QueenU/ELEC 374/ELEC374CPU3000/rotate_left.v Line: 66
Info (10041): Inferred latch for "Result[26]" at rotate_left.v(66) File: C:/QueenU/ELEC 374/ELEC374CPU3000/rotate_left.v Line: 66
Info (10041): Inferred latch for "Result[27]" at rotate_left.v(66) File: C:/QueenU/ELEC 374/ELEC374CPU3000/rotate_left.v Line: 66
Info (10041): Inferred latch for "Result[28]" at rotate_left.v(66) File: C:/QueenU/ELEC 374/ELEC374CPU3000/rotate_left.v Line: 66
Info (10041): Inferred latch for "Result[29]" at rotate_left.v(66) File: C:/QueenU/ELEC 374/ELEC374CPU3000/rotate_left.v Line: 66
Info (10041): Inferred latch for "Result[30]" at rotate_left.v(66) File: C:/QueenU/ELEC 374/ELEC374CPU3000/rotate_left.v Line: 66
Info (10041): Inferred latch for "Result[31]" at rotate_left.v(66) File: C:/QueenU/ELEC 374/ELEC374CPU3000/rotate_left.v Line: 66
Info (12128): Elaborating entity "AND_Operation" for hierarchy "ALU:alu|AND_Operation:and_OP" File: C:/QueenU/ELEC 374/ELEC374CPU3000/alu.v Line: 45
Info (12128): Elaborating entity "OR_Operation" for hierarchy "ALU:alu|OR_Operation:or_OP" File: C:/QueenU/ELEC 374/ELEC374CPU3000/alu.v Line: 46
Info (12128): Elaborating entity "IncPC" for hierarchy "ALU:alu|IncPC:incrPc" File: C:/QueenU/ELEC 374/ELEC374CPU3000/alu.v Line: 51
Info (12128): Elaborating entity "register64" for hierarchy "register64:Z" File: C:/QueenU/ELEC 374/ELEC374CPU3000/CPU_G16.v Line: 56
Info (12128): Elaborating entity "Bus" for hierarchy "Bus:bus" File: C:/QueenU/ELEC 374/ELEC374CPU3000/CPU_G16.v Line: 66
Info (12128): Elaborating entity "mdr" for hierarchy "mdr:mdr1" File: C:/QueenU/ELEC 374/ELEC374CPU3000/CPU_G16.v Line: 69
Info (12128): Elaborating entity "mar" for hierarchy "mar:mar1" File: C:/QueenU/ELEC 374/ELEC374CPU3000/CPU_G16.v Line: 72
Info (12128): Elaborating entity "cmodule" for hierarchy "cmodule:CSign" File: C:/QueenU/ELEC 374/ELEC374CPU3000/CPU_G16.v Line: 78
Info (12128): Elaborating entity "ram" for hierarchy "ram:Ram1" File: C:/QueenU/ELEC 374/ELEC374CPU3000/CPU_G16.v Line: 81
Info (12128): Elaborating entity "SEL" for hierarchy "SEL:sel1" File: C:/QueenU/ELEC 374/ELEC374CPU3000/CPU_G16.v Line: 84
Info (12128): Elaborating entity "inport" for hierarchy "inport:Inport1" File: C:/QueenU/ELEC 374/ELEC374CPU3000/CPU_G16.v Line: 90
Info (12128): Elaborating entity "con_ff" for hierarchy "con_ff:ConLogic" File: C:/QueenU/ELEC 374/ELEC374CPU3000/CPU_G16.v Line: 93
Warning (10240): Verilog HDL Always Construct warning at con_ff.v(24): inferring latch(es) for variable "CON_FF_out", which holds its previous value in one or more paths through the always construct File: C:/QueenU/ELEC 374/ELEC374CPU3000/con_ff.v Line: 24
Info (10041): Inferred latch for "CON_FF_out" at con_ff.v(24) File: C:/QueenU/ELEC 374/ELEC374CPU3000/con_ff.v Line: 24
Info (12128): Elaborating entity "con_logic" for hierarchy "con_ff:ConLogic|con_logic:con_check" File: C:/QueenU/ELEC 374/ELEC374CPU3000/con_ff.v Line: 18
Info (144001): Generated suppressed messages file C:/QueenU/ELEC 374/ELEC374CPU3000/output_files/CPU_G16.map.smsg
Info: Quartus Prime Analysis & Elaboration was successful. 0 errors, 21 warnings
    Info: Peak virtual memory: 4796 megabytes
    Info: Processing ended: Mon Mar 30 02:07:58 2026
    Info: Elapsed time: 00:00:10
    Info: Total CPU time (on all processors): 00:00:18


+--------------------------------------------+
; Analysis & Elaboration Suppressed Messages ;
+--------------------------------------------+
The suppressed messages can be found in C:/QueenU/ELEC 374/ELEC374CPU3000/output_files/CPU_G16.map.smsg.


